<?xml version="1.0" encoding="UTF-8"?>
<!-- Generated by org.testng.reporters.JUnitReportReporter -->
<testsuite skipped="0" hostname="DESKTOP-8E5IA3I" name="test.TC_03" tests="1" failures="0" timestamp="2021-03-19T18:20:09 CDT" time="4.259" errors="0">
  <testcase name="validatemonths" time="4.259" classname="test.TC_03"/>
  <system-out/>
</testsuite> <!-- test.TC_03 -->
