<?xml version="1.0" encoding="UTF-8"?>
<!-- Generated by org.testng.reporters.JUnitReportReporter -->
<testsuite skipped="0" hostname="DESKTOP-8E5IA3I" name="test.TC_01" tests="1" failures="0" timestamp="2021-03-19T18:17:24 CDT" time="4.819" errors="0">
  <testcase name="LaunchTheBrowser" time="4.819" classname="test.TC_01"/>
  <system-out/>
</testsuite> <!-- test.TC_01 -->
