<?xml version="1.0" encoding="UTF-8"?>
<!-- Generated by org.testng.reporters.JUnitReportReporter -->
<testsuite skipped="0" hostname="DESKTOP-8E5IA3I" name="test.TC_02" tests="1" failures="0" timestamp="2021-03-19T18:18:56 CDT" time="3.697" errors="0">
  <testcase name="LaunchTheBrowser" time="3.697" classname="test.TC_02"/>
  <system-out/>
</testsuite> <!-- test.TC_02 -->
